2026/07/19 23:48:29 codegraph-go starting, workdir=/root/prism
2026/07/19 23:48:29 daemon listening on /root/prism/.codegraph/daemon.sock (pid 1991528, v0.5.4). idle timeout 5m0s
2026/07/19 23:48:29 schema revision (none) → 15: full rebuild...
2026/07/19 23:48:30 resolved 81 edges (488 failed, 0 retried)
2026/07/19 23:48:30 indexed 23 files, 145 nodes (schema=15)
2026/07/19 23:48:30 auto-sync enabled
2026/07/19 23:53:32 daemon shutting down (idle timeout; clients=0)
2026/07/19 23:55:38 codegraph-go starting, workdir=/root/prism
2026/07/19 23:55:38 daemon listening on /root/prism/.codegraph/daemon.sock (pid 1994558, v0.5.4). idle timeout 5m0s
2026/07/19 23:55:38 indexing project in background...
2026/07/19 23:55:38 resolved 0 edges (3 failed, 3 retried)
2026/07/19 23:55:38 indexed 0 files, 0 nodes (schema=15)
2026/07/19 23:55:38 auto-sync enabled
2026/07/20 00:00:18 auto-sync: 1 files, 18 nodes
2026/07/20 00:00:26 auto-sync: 3 files, 41 nodes
2026/07/20 00:00:35 auto-sync: 1 files, 1 nodes
2026/07/20 00:00:40 auto-sync: 1 files, 13 nodes
2026/07/20 00:00:47 auto-sync: 1 files, 5 nodes
2026/07/20 00:00:53 auto-sync: 1 files, 5 nodes
2026/07/20 00:00:59 auto-sync: 1 files, 6 nodes
2026/07/20 00:01:10 auto-sync: 1 files, 1 nodes
2026/07/20 00:01:14 auto-sync: 1 files, 1 nodes
2026/07/20 00:01:55 auto-sync: 2 files, 16 nodes
2026/07/20 00:02:11 auto-sync: 1 files, 10 nodes
2026/07/20 00:02:24 auto-sync: 1 files, 18 nodes
2026/07/20 00:08:05 daemon shutting down (idle timeout; clients=0)
2026/07/20 11:11:43 codegraph-go starting, workdir=/root/prism
2026/07/20 11:11:43 daemon listening on /root/prism/.codegraph/daemon.sock (pid 2235339, v0.5.4). idle timeout 5m0s
2026/07/20 11:11:43 indexing project in background...
2026/07/20 11:11:43 resolved 0 edges (3 failed, 3 retried)
2026/07/20 11:11:43 indexed 0 files, 0 nodes (schema=15)
2026/07/20 11:11:43 auto-sync enabled
2026/07/20 11:33:50 daemon shutting down (idle timeout; clients=0)
2026/07/20 11:38:46 codegraph-go starting, workdir=/root/prism
2026/07/20 11:38:46 daemon listening on /root/prism/.codegraph/daemon.sock (pid 2246133, v0.5.4). idle timeout 5m0s
2026/07/20 11:38:46 indexing project in background...
2026/07/20 11:38:46 resolved 0 edges (3 failed, 3 retried)
2026/07/20 11:38:46 indexed 0 files, 0 nodes (schema=15)
2026/07/20 11:38:46 auto-sync enabled
2026/07/20 11:43:37 auto-sync: 1 files, 18 nodes
2026/07/20 11:43:40 auto-sync: 1 files, 18 nodes
2026/07/20 11:43:44 auto-sync: 1 files, 18 nodes
2026/07/20 11:43:47 auto-sync: 1 files, 18 nodes
2026/07/20 11:43:51 auto-sync: 1 files, 18 nodes
2026/07/20 11:43:54 auto-sync: 1 files, 18 nodes
2026/07/20 11:43:59 auto-sync: 1 files, 18 nodes
2026/07/20 11:44:03 auto-sync: 1 files, 18 nodes
2026/07/20 11:44:07 auto-sync: 1 files, 18 nodes
2026/07/20 11:44:11 auto-sync: 1 files, 18 nodes
2026/07/20 11:44:43 auto-sync: 1 files, 18 nodes
2026/07/20 11:44:55 auto-sync: 1 files, 5 nodes
2026/07/20 11:45:00 auto-sync: 1 files, 6 nodes
2026/07/20 11:45:03 auto-sync: 1 files, 6 nodes
2026/07/20 11:45:09 auto-sync: 1 files, 6 nodes
2026/07/20 11:45:14 auto-sync: 1 files, 6 nodes
2026/07/20 11:45:19 auto-sync: 1 files, 7 nodes
2026/07/20 11:45:38 auto-sync: 1 files, 13 nodes
2026/07/20 11:45:51 auto-sync: 1 files, 10 nodes
2026/07/20 11:46:21 auto-sync: 1 files, 1 nodes
2026/07/20 11:46:27 auto-sync: 1 files, 1 nodes
2026/07/20 11:46:30 auto-sync: 1 files, 1 nodes
2026/07/20 11:46:36 auto-sync: 1 files, 1 nodes
2026/07/20 11:46:47 auto-sync: 1 files, 10 nodes
2026/07/20 11:46:56 auto-sync: 1 files, 14 nodes
2026/07/20 11:47:05 auto-sync: 1 files, 14 nodes
2026/07/20 11:47:12 auto-sync: 1 files, 14 nodes
2026/07/20 12:02:49 daemon shutting down (idle timeout; clients=0)
2026/07/20 12:09:43 codegraph-go starting, workdir=/root/prism
2026/07/20 12:09:43 daemon listening on /root/prism/.codegraph/daemon.sock (pid 2259995, v0.5.4). idle timeout 5m0s
2026/07/20 12:09:43 indexing project in background...
2026/07/20 12:09:43 resolved 0 edges (3 failed, 3 retried)
2026/07/20 12:09:43 indexed 0 files, 0 nodes (schema=15)
2026/07/20 12:09:43 auto-sync enabled
2026/07/20 12:10:15 auto-sync: 3 files, 31 nodes
2026/07/20 12:10:22 auto-sync: 1 files, 26 nodes
2026/07/20 12:10:37 auto-sync: 1 files, 18 nodes
2026/07/20 12:10:46 auto-sync: 1 files, 1 nodes
2026/07/20 12:10:50 auto-sync: 1 files, 4 nodes
2026/07/20 12:11:19 auto-sync: 1 files, 2 nodes
2026/07/20 12:11:27 auto-sync: 1 files, 16 nodes
2026/07/20 12:21:42 daemon shutting down (idle timeout; clients=0)
2026/07/20 12:21:56 codegraph-go starting, workdir=/root/prism
2026/07/20 12:21:56 daemon listening on /root/prism/.codegraph/daemon.sock (pid 2265510, v0.5.4). idle timeout 5m0s
2026/07/20 12:21:56 indexing project in background...
2026/07/20 12:21:56 resolved 0 edges (3 failed, 3 retried)
2026/07/20 12:21:56 indexed 0 files, 0 nodes (schema=15)
2026/07/20 12:21:56 auto-sync enabled
2026/07/20 12:23:12 auto-sync: 4 files, 32 nodes
2026/07/20 12:23:39 auto-sync: 1 files, 18 nodes
2026/07/20 12:24:13 auto-sync: 1 files, 18 nodes
2026/07/20 12:24:22 auto-sync: 2 files, 35 nodes
2026/07/20 12:29:47 daemon shutting down (idle timeout; clients=0)
2026/07/20 13:39:25 codegraph-go starting, workdir=/root/prism
2026/07/20 13:39:25 daemon listening on /root/prism/.codegraph/daemon.sock (pid 2297893, v0.5.4). idle timeout 5m0s
2026/07/20 13:39:25 indexing project in background...
2026/07/20 13:39:25 daemon session: server is closing: EOF
2026/07/20 13:39:25 resolved 0 edges (3 failed, 3 retried)
2026/07/20 13:39:25 indexed 0 files, 0 nodes (schema=15)
2026/07/20 13:39:25 auto-sync enabled
2026/07/20 13:39:31 daemon session: server is closing: EOF
2026/07/20 13:45:01 daemon shutting down (idle timeout; clients=0)
2026/07/20 13:58:46 codegraph-go starting, workdir=/root/prism
2026/07/20 13:58:46 daemon listening on /root/prism/.codegraph/daemon.sock (pid 2306245, v0.5.4). idle timeout 5m0s
2026/07/20 13:58:46 indexing project in background...
2026/07/20 13:58:46 resolved 0 edges (3 failed, 3 retried)
2026/07/20 13:58:46 indexed 0 files, 0 nodes (schema=15)
2026/07/20 13:58:46 auto-sync enabled
2026/07/20 14:04:33 daemon shutting down (idle timeout; clients=0)
2026/07/20 16:21:23 codegraph-go starting, workdir=/root/prism
2026/07/20 16:21:23 daemon listening on /root/prism/.codegraph/daemon.sock (pid 2366123, v0.5.4). idle timeout 5m0s
2026/07/20 16:21:23 indexing project in background...
2026/07/20 16:21:23 resolved 38 edges (116 failed, 3 retried)
2026/07/20 16:21:23 indexed 2 files, 33 nodes (schema=15)
2026/07/20 16:21:23 auto-sync enabled
2026/07/20 16:22:03 auto-sync: 1 files, 7 nodes
2026/07/20 16:22:07 auto-sync: 1 files, 19 nodes
2026/07/20 16:22:21 auto-sync: 1 files, 18 nodes
2026/07/20 16:22:29 auto-sync: 1 files, 16 nodes
2026/07/20 16:23:00 auto-sync: 1 files, 11 nodes
